1619865074453	geckodriver	INFO	Listening on 127.0.0.1:33523
1619865074465	mozrunner::runner	INFO	Running command: "/usr/bin/firefox" "--marionette" "-foreground" "-no-remote" "-profile" "/tmp/rust_mozprofilel7iYQb"
1619865075711	Marionette	INFO	Marionette enabled
console.warn: SearchSettings: "get: No settings file exists, new profile?" (new Error("", "(unknown module)"))
1619865078333	Marionette	INFO	Listening on port 46089
1619865078444	Marionette	WARN	TLS certificate errors will be ignored for this session
1619865084934	Marionette	INFO	Stopped listening on port 46089
1619866855031	geckodriver	INFO	Listening on 127.0.0.1:41327
1619866856045	mozrunner::runner	INFO	Running command: "/usr/bin/firefox" "--marionette" "-foreground" "-no-remote" "-profile" "/tmp/rust_mozprofileqhAFGh"
1619866857178	Marionette	INFO	Marionette enabled
console.warn: SearchSettings: "get: No settings file exists, new profile?" (new Error("", "(unknown module)"))
1619866859722	Marionette	INFO	Listening on port 42449
1619866859842	Marionette	WARN	TLS certificate errors will be ignored for this session
1619866865296	Marionette	INFO	Stopped listening on port 42449
1619866878285	geckodriver	INFO	Listening on 127.0.0.1:53151
1619866878290	mozrunner::runner	INFO	Running command: "/usr/bin/firefox" "--marionette" "-foreground" "-no-remote" "-profile" "/tmp/rust_mozprofile81Di18"
1619866878757	Marionette	INFO	Marionette enabled
console.warn: SearchSettings: "get: No settings file exists, new profile?" (new Error("", "(unknown module)"))
1619866880913	Marionette	INFO	Listening on port 33091
1619866880967	Marionette	WARN	TLS certificate errors will be ignored for this session
1619866886208	Marionette	INFO	Stopped listening on port 33091
1619867494282	geckodriver	INFO	Listening on 127.0.0.1:40825
1619867495304	mozrunner::runner	INFO	Running command: "/usr/bin/firefox" "--marionette" "-foreground" "-no-remote" "-profile" "/tmp/rust_mozprofilerbn3Rt"
1619867496428	Marionette	INFO	Marionette enabled
console.warn: SearchSettings: "get: No settings file exists, new profile?" (new Error("", "(unknown module)"))
1619867498941	Marionette	INFO	Listening on port 43441
1619867499253	Marionette	WARN	TLS certificate errors will be ignored for this session
1619867518322	Marionette	INFO	Stopped listening on port 43441
1619867583128	geckodriver	INFO	Listening on 127.0.0.1:59041
1619867583137	mozrunner::runner	INFO	Running command: "/usr/bin/firefox" "--marionette" "-foreground" "-no-remote" "-profile" "/tmp/rust_mozprofilevaQKRe"
1619867583618	Marionette	INFO	Marionette enabled
console.warn: SearchSettings: "get: No settings file exists, new profile?" (new Error("", "(unknown module)"))
1619867585763	Marionette	INFO	Listening on port 33603
1619867585883	Marionette	WARN	TLS certificate errors will be ignored for this session
JavaScript error: https://gum.criteo.com/sync?c=30&r=2&j=cr_handle_data_a, line 1: SecurityError: The operation is insecure.
1619867611764	Marionette	INFO	Stopped listening on port 33603
